2020-08-26 16:00:05,300 1      [ost-startStop-1] INFO  work.web.context.ContextLoader  - Root WebApplicationContext: initialization started
2020-08-26 16:00:05,502 203    [ost-startStop-1] INFO  pport.XmlWebApplicationContext  - Refreshing Root WebApplicationContext: startup date [Wed Aug 26 16:00:05 CST 2020]; root of context hierarchy
2020-08-26 16:00:05,845 546    [ost-startStop-1] INFO  ry.xml.XmlBeanDefinitionReader  - Loading XML bean definitions from class path resource [applicationContext.xml]
2020-08-26 16:00:06,210 911    [ost-startStop-1] INFO  ry.xml.XmlBeanDefinitionReader  - Loading XML bean definitions from class path resource [applicationContext-dao.xml]
2020-08-26 16:00:06,299 1000   [ost-startStop-1] INFO  ry.xml.XmlBeanDefinitionReader  - Loading XML bean definitions from class path resource [applicationContext-service.xml]
2020-08-26 16:00:08,012 2713   [ost-startStop-1] INFO  redAnnotationBeanPostProcessor  - JSR-330 'javax.inject.Inject' annotation found and supported for autowiring
2020-08-26 16:00:08,465 3166   [ost-startStop-1] INFO         com.mchange.v2.log.MLog  - MLog clients using log4j logging.
2020-08-26 16:00:08,608 3309   [ost-startStop-1] INFO  m.mchange.v2.c3p0.C3P0Registry  - Initializing c3p0-0.9.1.2 [built 21-May-2007 15:04:56; debug? true; trace: 10]
2020-08-26 16:00:09,930 4631   [ost-startStop-1] INFO  work.web.context.ContextLoader  - Root WebApplicationContext: initialization completed in 4628 ms
2020-08-26 16:00:10,001 4702   [ost-startStop-1] INFO  .web.servlet.DispatcherServlet  - FrameworkServlet 'springmvcDispatcherServlet': initialization started
2020-08-26 16:00:10,004 4705   [ost-startStop-1] INFO  pport.XmlWebApplicationContext  - Refreshing WebApplicationContext for namespace 'springmvcDispatcherServlet-servlet': startup date [Wed Aug 26 16:00:10 CST 2020]; parent: Root WebApplicationContext
2020-08-26 16:00:10,004 4705   [ost-startStop-1] INFO  ry.xml.XmlBeanDefinitionReader  - Loading XML bean definitions from class path resource [springmvc.xml]
2020-08-26 16:00:10,318 5019   [ost-startStop-1] INFO  redAnnotationBeanPostProcessor  - JSR-330 'javax.inject.Inject' annotation found and supported for autowiring
2020-08-26 16:00:10,706 5407   [ost-startStop-1] INFO  andler.SimpleUrlHandlerMapping  - Mapped URL path [/css/**] onto handler 'org.springframework.web.servlet.resource.ResourceHttpRequestHandler#0'
2020-08-26 16:00:10,767 5468   [ost-startStop-1] INFO  andler.SimpleUrlHandlerMapping  - Mapped URL path [/images/**] onto handler 'org.springframework.web.servlet.resource.ResourceHttpRequestHandler#1'
2020-08-26 16:00:10,774 5475   [ost-startStop-1] INFO  andler.SimpleUrlHandlerMapping  - Mapped URL path [/js/**] onto handler 'org.springframework.web.servlet.resource.ResourceHttpRequestHandler#2'
2020-08-26 16:00:10,906 5607   [ost-startStop-1] INFO  n.RequestMappingHandlerMapping  - Mapped "{[/account/findAll]}" onto public java.lang.String com.kgc.controller.AccountController.findAll(org.springframework.ui.Model)
2020-08-26 16:00:10,908 5609   [ost-startStop-1] INFO  n.RequestMappingHandlerMapping  - Mapped "{[/account/saveAccount]}" onto public void com.kgc.controller.AccountController.saveAccount(javax.servlet.http.HttpServletRequest,javax.servlet.http.HttpServletResponse,com.kgc.pojo.Account) throws java.io.IOException
2020-08-26 16:00:11,344 6045   [ost-startStop-1] INFO  n.RequestMappingHandlerAdapter  - Looking for @ControllerAdvice: WebApplicationContext for namespace 'springmvcDispatcherServlet-servlet': startup date [Wed Aug 26 16:00:10 CST 2020]; parent: Root WebApplicationContext
2020-08-26 16:00:11,499 6200   [ost-startStop-1] INFO  n.RequestMappingHandlerAdapter  - Looking for @ControllerAdvice: WebApplicationContext for namespace 'springmvcDispatcherServlet-servlet': startup date [Wed Aug 26 16:00:10 CST 2020]; parent: Root WebApplicationContext
2020-08-26 16:00:11,911 6612   [ost-startStop-1] INFO  .web.servlet.DispatcherServlet  - FrameworkServlet 'springmvcDispatcherServlet': initialization completed in 1910 ms
2020-08-26 16:00:31,770 26471  [bio-8080-exec-4] INFO  l.AbstractPoolBackedDataSource  - Initializing c3p0 pool... com.mchange.v2.c3p0.ComboPooledDataSource [ acquireIncrement -> 3, acquireRetryAttempts -> 30, acquireRetryDelay -> 1000, autoCommitOnClose -> false, automaticTestTable -> null, breakAfterAcquireFailure -> false, checkoutTimeout -> 0, connectionCustomizerClassName -> null, connectionTesterClassName -> com.mchange.v2.c3p0.impl.DefaultConnectionTester, dataSourceName -> 1hgfaiuacblcbd915biiqf|4e627176, debugUnreturnedConnectionStackTraces -> false, description -> null, driverClass -> com.mysql.jdbc.Driver, factoryClassLocation -> null, forceIgnoreUnresolvedTransactions -> false, identityToken -> 1hgfaiuacblcbd915biiqf|4e627176, idleConnectionTestPeriod -> 0, initialPoolSize -> 3, jdbcUrl -> jdbc:mysql://localhost:3306/ssm, maxAdministrativeTaskTime -> 0, maxConnectionAge -> 0, maxIdleTime -> 0, maxIdleTimeExcessConnections -> 0, maxPoolSize -> 15, maxStatements -> 0, maxStatementsPerConnection -> 0, minPoolSize -> 3, numHelperThreads -> 3, numThreadsAwaitingCheckoutDefaultUser -> 0, preferredTestQuery -> null, properties -> {user=******, password=******}, propertyCycle -> 0, testConnectionOnCheckin -> false, testConnectionOnCheckout -> false, unreturnedConnectionTimeout -> 0, usesTraditionalReflectiveProxies -> false ]
2020-08-26 16:01:38,365 0      [ost-startStop-1] INFO  work.web.context.ContextLoader  - Root WebApplicationContext: initialization started
2020-08-26 16:01:38,478 113    [ost-startStop-1] INFO  pport.XmlWebApplicationContext  - Refreshing Root WebApplicationContext: startup date [Wed Aug 26 16:01:38 CST 2020]; root of context hierarchy
2020-08-26 16:01:38,615 250    [ost-startStop-1] INFO  ry.xml.XmlBeanDefinitionReader  - Loading XML bean definitions from class path resource [applicationContext.xml]
2020-08-26 16:01:38,994 629    [ost-startStop-1] INFO  ry.xml.XmlBeanDefinitionReader  - Loading XML bean definitions from class path resource [applicationContext-dao.xml]
2020-08-26 16:01:39,064 699    [ost-startStop-1] INFO  ry.xml.XmlBeanDefinitionReader  - Loading XML bean definitions from class path resource [applicationContext-service.xml]
2020-08-26 16:01:39,924 1559   [ost-startStop-1] INFO  redAnnotationBeanPostProcessor  - JSR-330 'javax.inject.Inject' annotation found and supported for autowiring
2020-08-26 16:01:40,301 1936   [ost-startStop-1] INFO         com.mchange.v2.log.MLog  - MLog clients using log4j logging.
2020-08-26 16:01:40,371 2006   [ost-startStop-1] INFO  m.mchange.v2.c3p0.C3P0Registry  - Initializing c3p0-0.9.1.2 [built 21-May-2007 15:04:56; debug? true; trace: 10]
2020-08-26 16:01:42,028 3663   [ost-startStop-1] INFO  work.web.context.ContextLoader  - Root WebApplicationContext: initialization completed in 3661 ms
2020-08-26 16:01:42,185 3820   [ost-startStop-1] INFO  .web.servlet.DispatcherServlet  - FrameworkServlet 'springmvcDispatcherServlet': initialization started
2020-08-26 16:01:42,197 3832   [ost-startStop-1] INFO  pport.XmlWebApplicationContext  - Refreshing WebApplicationContext for namespace 'springmvcDispatcherServlet-servlet': startup date [Wed Aug 26 16:01:42 CST 2020]; parent: Root WebApplicationContext
2020-08-26 16:01:42,197 3832   [ost-startStop-1] INFO  ry.xml.XmlBeanDefinitionReader  - Loading XML bean definitions from class path resource [springmvc.xml]
2020-08-26 16:01:42,620 4255   [ost-startStop-1] INFO  redAnnotationBeanPostProcessor  - JSR-330 'javax.inject.Inject' annotation found and supported for autowiring
2020-08-26 16:01:43,182 4817   [ost-startStop-1] INFO  andler.SimpleUrlHandlerMapping  - Mapped URL path [/css/**] onto handler 'org.springframework.web.servlet.resource.ResourceHttpRequestHandler#0'
2020-08-26 16:01:43,220 4855   [ost-startStop-1] INFO  andler.SimpleUrlHandlerMapping  - Mapped URL path [/images/**] onto handler 'org.springframework.web.servlet.resource.ResourceHttpRequestHandler#1'
2020-08-26 16:01:43,268 4903   [ost-startStop-1] INFO  andler.SimpleUrlHandlerMapping  - Mapped URL path [/js/**] onto handler 'org.springframework.web.servlet.resource.ResourceHttpRequestHandler#2'
2020-08-26 16:01:43,357 4992   [ost-startStop-1] INFO  n.RequestMappingHandlerMapping  - Mapped "{[/account/saveAccount]}" onto public void com.kgc.controller.AccountController.saveAccount(javax.servlet.http.HttpServletRequest,javax.servlet.http.HttpServletResponse,com.kgc.pojo.Account) throws java.io.IOException
2020-08-26 16:01:43,359 4994   [ost-startStop-1] INFO  n.RequestMappingHandlerMapping  - Mapped "{[/account/findAll]}" onto public java.lang.String com.kgc.controller.AccountController.findAll(org.springframework.ui.Model)
2020-08-26 16:01:43,579 5214   [ost-startStop-1] INFO  n.RequestMappingHandlerAdapter  - Looking for @ControllerAdvice: WebApplicationContext for namespace 'springmvcDispatcherServlet-servlet': startup date [Wed Aug 26 16:01:42 CST 2020]; parent: Root WebApplicationContext
2020-08-26 16:01:43,672 5307   [ost-startStop-1] INFO  n.RequestMappingHandlerAdapter  - Looking for @ControllerAdvice: WebApplicationContext for namespace 'springmvcDispatcherServlet-servlet': startup date [Wed Aug 26 16:01:42 CST 2020]; parent: Root WebApplicationContext
2020-08-26 16:01:43,917 5552   [ost-startStop-1] INFO  .web.servlet.DispatcherServlet  - FrameworkServlet 'springmvcDispatcherServlet': initialization completed in 1732 ms
2020-08-26 16:01:48,575 10210  [bio-8080-exec-3] INFO  l.AbstractPoolBackedDataSource  - Initializing c3p0 pool... com.mchange.v2.c3p0.ComboPooledDataSource [ acquireIncrement -> 3, acquireRetryAttempts -> 30, acquireRetryDelay -> 1000, autoCommitOnClose -> false, automaticTestTable -> null, breakAfterAcquireFailure -> false, checkoutTimeout -> 0, connectionCustomizerClassName -> null, connectionTesterClassName -> com.mchange.v2.c3p0.impl.DefaultConnectionTester, dataSourceName -> 1hgfaiuacblea6as6s8go|102dc932, debugUnreturnedConnectionStackTraces -> false, description -> null, driverClass -> com.mysql.jdbc.Driver, factoryClassLocation -> null, forceIgnoreUnresolvedTransactions -> false, identityToken -> 1hgfaiuacblea6as6s8go|102dc932, idleConnectionTestPeriod -> 0, initialPoolSize -> 3, jdbcUrl -> jdbc:mysql://localhost:3306/ssm, maxAdministrativeTaskTime -> 0, maxConnectionAge -> 0, maxIdleTime -> 0, maxIdleTimeExcessConnections -> 0, maxPoolSize -> 15, maxStatements -> 0, maxStatementsPerConnection -> 0, minPoolSize -> 3, numHelperThreads -> 3, numThreadsAwaitingCheckoutDefaultUser -> 0, preferredTestQuery -> null, properties -> {user=******, password=******}, propertyCycle -> 0, testConnectionOnCheckin -> false, testConnectionOnCheckout -> false, unreturnedConnectionTimeout -> 0, usesTraditionalReflectiveProxies -> false ]
2020-08-26 16:03:07,368 0      [ost-startStop-1] INFO  work.web.context.ContextLoader  - Root WebApplicationContext: initialization started
2020-08-26 16:03:07,568 200    [ost-startStop-1] INFO  pport.XmlWebApplicationContext  - Refreshing Root WebApplicationContext: startup date [Wed Aug 26 16:03:07 CST 2020]; root of context hierarchy
2020-08-26 16:03:07,803 435    [ost-startStop-1] INFO  ry.xml.XmlBeanDefinitionReader  - Loading XML bean definitions from class path resource [applicationContext.xml]
2020-08-26 16:03:08,167 799    [ost-startStop-1] INFO  ry.xml.XmlBeanDefinitionReader  - Loading XML bean definitions from class path resource [applicationContext-dao.xml]
2020-08-26 16:03:08,268 900    [ost-startStop-1] INFO  ry.xml.XmlBeanDefinitionReader  - Loading XML bean definitions from class path resource [applicationContext-service.xml]
2020-08-26 16:03:09,288 1920   [ost-startStop-1] INFO  redAnnotationBeanPostProcessor  - JSR-330 'javax.inject.Inject' annotation found and supported for autowiring
2020-08-26 16:03:09,692 2324   [ost-startStop-1] INFO         com.mchange.v2.log.MLog  - MLog clients using log4j logging.
2020-08-26 16:03:09,768 2400   [ost-startStop-1] INFO  m.mchange.v2.c3p0.C3P0Registry  - Initializing c3p0-0.9.1.2 [built 21-May-2007 15:04:56; debug? true; trace: 10]
2020-08-26 16:03:11,290 3922   [ost-startStop-1] INFO  work.web.context.ContextLoader  - Root WebApplicationContext: initialization completed in 3919 ms
2020-08-26 16:03:11,393 4025   [ost-startStop-1] INFO  .web.servlet.DispatcherServlet  - FrameworkServlet 'springmvcDispatcherServlet': initialization started
2020-08-26 16:03:11,414 4046   [ost-startStop-1] INFO  pport.XmlWebApplicationContext  - Refreshing WebApplicationContext for namespace 'springmvcDispatcherServlet-servlet': startup date [Wed Aug 26 16:03:11 CST 2020]; parent: Root WebApplicationContext
2020-08-26 16:03:11,415 4047   [ost-startStop-1] INFO  ry.xml.XmlBeanDefinitionReader  - Loading XML bean definitions from class path resource [springmvc.xml]
2020-08-26 16:03:11,807 4439   [ost-startStop-1] INFO  redAnnotationBeanPostProcessor  - JSR-330 'javax.inject.Inject' annotation found and supported for autowiring
2020-08-26 16:03:12,321 4953   [ost-startStop-1] INFO  andler.SimpleUrlHandlerMapping  - Mapped URL path [/css/**] onto handler 'org.springframework.web.servlet.resource.ResourceHttpRequestHandler#0'
2020-08-26 16:03:12,407 5039   [ost-startStop-1] INFO  andler.SimpleUrlHandlerMapping  - Mapped URL path [/images/**] onto handler 'org.springframework.web.servlet.resource.ResourceHttpRequestHandler#1'
2020-08-26 16:03:12,416 5048   [ost-startStop-1] INFO  andler.SimpleUrlHandlerMapping  - Mapped URL path [/js/**] onto handler 'org.springframework.web.servlet.resource.ResourceHttpRequestHandler#2'
2020-08-26 16:03:12,686 5318   [ost-startStop-1] INFO  n.RequestMappingHandlerMapping  - Mapped "{[/account/saveAccount]}" onto public void com.kgc.controller.AccountController.saveAccount(javax.servlet.http.HttpServletRequest,javax.servlet.http.HttpServletResponse,com.kgc.pojo.Account) throws java.io.IOException
2020-08-26 16:03:12,837 5469   [ost-startStop-1] INFO  n.RequestMappingHandlerMapping  - Mapped "{[/account/findAll]}" onto public java.lang.String com.kgc.controller.AccountController.findAll(org.springframework.ui.Model)
2020-08-26 16:03:13,769 6401   [ost-startStop-1] INFO  n.RequestMappingHandlerAdapter  - Looking for @ControllerAdvice: WebApplicationContext for namespace 'springmvcDispatcherServlet-servlet': startup date [Wed Aug 26 16:03:11 CST 2020]; parent: Root WebApplicationContext
2020-08-26 16:03:14,291 6923   [ost-startStop-1] INFO  n.RequestMappingHandlerAdapter  - Looking for @ControllerAdvice: WebApplicationContext for namespace 'springmvcDispatcherServlet-servlet': startup date [Wed Aug 26 16:03:11 CST 2020]; parent: Root WebApplicationContext
2020-08-26 16:03:14,615 7247   [ost-startStop-1] INFO  .web.servlet.DispatcherServlet  - FrameworkServlet 'springmvcDispatcherServlet': initialization completed in 3222 ms
2020-08-26 16:03:46,271 0      [ost-startStop-1] INFO  work.web.context.ContextLoader  - Root WebApplicationContext: initialization started
2020-08-26 16:03:46,419 148    [ost-startStop-1] INFO  pport.XmlWebApplicationContext  - Refreshing Root WebApplicationContext: startup date [Wed Aug 26 16:03:46 CST 2020]; root of context hierarchy
2020-08-26 16:03:46,512 241    [ost-startStop-1] INFO  ry.xml.XmlBeanDefinitionReader  - Loading XML bean definitions from class path resource [applicationContext.xml]
2020-08-26 16:03:46,901 630    [ost-startStop-1] INFO  ry.xml.XmlBeanDefinitionReader  - Loading XML bean definitions from class path resource [applicationContext-dao.xml]
2020-08-26 16:03:47,012 741    [ost-startStop-1] INFO  ry.xml.XmlBeanDefinitionReader  - Loading XML bean definitions from class path resource [applicationContext-service.xml]
2020-08-26 16:03:47,778 1507   [ost-startStop-1] INFO  redAnnotationBeanPostProcessor  - JSR-330 'javax.inject.Inject' annotation found and supported for autowiring
2020-08-26 16:03:48,105 1834   [ost-startStop-1] INFO         com.mchange.v2.log.MLog  - MLog clients using log4j logging.
2020-08-26 16:03:48,199 1928   [ost-startStop-1] INFO  m.mchange.v2.c3p0.C3P0Registry  - Initializing c3p0-0.9.1.2 [built 21-May-2007 15:04:56; debug? true; trace: 10]
2020-08-26 16:03:50,103 3832   [ost-startStop-1] INFO  work.web.context.ContextLoader  - Root WebApplicationContext: initialization completed in 3829 ms
2020-08-26 16:03:50,204 3933   [ost-startStop-1] INFO  .web.servlet.DispatcherServlet  - FrameworkServlet 'springmvcDispatcherServlet': initialization started
2020-08-26 16:03:50,207 3936   [ost-startStop-1] INFO  pport.XmlWebApplicationContext  - Refreshing WebApplicationContext for namespace 'springmvcDispatcherServlet-servlet': startup date [Wed Aug 26 16:03:50 CST 2020]; parent: Root WebApplicationContext
2020-08-26 16:03:50,208 3937   [ost-startStop-1] INFO  ry.xml.XmlBeanDefinitionReader  - Loading XML bean definitions from class path resource [springmvc.xml]
2020-08-26 16:03:50,792 4521   [ost-startStop-1] INFO  redAnnotationBeanPostProcessor  - JSR-330 'javax.inject.Inject' annotation found and supported for autowiring
2020-08-26 16:03:51,400 5129   [ost-startStop-1] INFO  andler.SimpleUrlHandlerMapping  - Mapped URL path [/css/**] onto handler 'org.springframework.web.servlet.resource.ResourceHttpRequestHandler#0'
2020-08-26 16:03:51,478 5207   [ost-startStop-1] INFO  andler.SimpleUrlHandlerMapping  - Mapped URL path [/images/**] onto handler 'org.springframework.web.servlet.resource.ResourceHttpRequestHandler#1'
2020-08-26 16:03:51,484 5213   [ost-startStop-1] INFO  andler.SimpleUrlHandlerMapping  - Mapped URL path [/js/**] onto handler 'org.springframework.web.servlet.resource.ResourceHttpRequestHandler#2'
2020-08-26 16:03:51,679 5408   [ost-startStop-1] INFO  n.RequestMappingHandlerMapping  - Mapped "{[/account/saveAccount]}" onto public void com.kgc.controller.AccountController.saveAccount(javax.servlet.http.HttpServletRequest,javax.servlet.http.HttpServletResponse,com.kgc.pojo.Account) throws java.io.IOException
2020-08-26 16:03:51,681 5410   [ost-startStop-1] INFO  n.RequestMappingHandlerMapping  - Mapped "{[/account/findAll]}" onto public java.lang.String com.kgc.controller.AccountController.findAll(org.springframework.ui.Model)
2020-08-26 16:03:52,174 5903   [ost-startStop-1] INFO  n.RequestMappingHandlerAdapter  - Looking for @ControllerAdvice: WebApplicationContext for namespace 'springmvcDispatcherServlet-servlet': startup date [Wed Aug 26 16:03:50 CST 2020]; parent: Root WebApplicationContext
2020-08-26 16:03:52,271 6000   [ost-startStop-1] INFO  n.RequestMappingHandlerAdapter  - Looking for @ControllerAdvice: WebApplicationContext for namespace 'springmvcDispatcherServlet-servlet': startup date [Wed Aug 26 16:03:50 CST 2020]; parent: Root WebApplicationContext
2020-08-26 16:03:52,560 6289   [ost-startStop-1] INFO  .web.servlet.DispatcherServlet  - FrameworkServlet 'springmvcDispatcherServlet': initialization completed in 2356 ms
2020-08-26 16:04:06,318 20047  [bio-8080-exec-3] INFO  l.AbstractPoolBackedDataSource  - Initializing c3p0 pool... com.mchange.v2.c3p0.ComboPooledDataSource [ acquireIncrement -> 3, acquireRetryAttempts -> 30, acquireRetryDelay -> 1000, autoCommitOnClose -> false, automaticTestTable -> null, breakAfterAcquireFailure -> false, checkoutTimeout -> 0, connectionCustomizerClassName -> null, connectionTesterClassName -> com.mchange.v2.c3p0.impl.DefaultConnectionTester, dataSourceName -> 1hgfaiuacblh0sp1a3w98h|48ef63fc, debugUnreturnedConnectionStackTraces -> false, description -> null, driverClass -> com.mysql.jdbc.Driver, factoryClassLocation -> null, forceIgnoreUnresolvedTransactions -> false, identityToken -> 1hgfaiuacblh0sp1a3w98h|48ef63fc, idleConnectionTestPeriod -> 0, initialPoolSize -> 3, jdbcUrl -> jdbc:mysql://localhost:3306/ssm, maxAdministrativeTaskTime -> 0, maxConnectionAge -> 0, maxIdleTime -> 0, maxIdleTimeExcessConnections -> 0, maxPoolSize -> 15, maxStatements -> 0, maxStatementsPerConnection -> 0, minPoolSize -> 3, numHelperThreads -> 3, numThreadsAwaitingCheckoutDefaultUser -> 0, preferredTestQuery -> null, properties -> {user=******, password=******}, propertyCycle -> 0, testConnectionOnCheckin -> false, testConnectionOnCheckout -> false, unreturnedConnectionTimeout -> 0, usesTraditionalReflectiveProxies -> false ]
2020-08-26 19:33:34,481 0      [ost-startStop-1] INFO  work.web.context.ContextLoader  - Root WebApplicationContext: initialization started
2020-08-26 19:33:34,525 44     [ost-startStop-1] INFO  pport.XmlWebApplicationContext  - Refreshing Root WebApplicationContext: startup date [Wed Aug 26 19:33:34 CST 2020]; root of context hierarchy
2020-08-26 19:33:34,559 78     [ost-startStop-1] INFO  ry.xml.XmlBeanDefinitionReader  - Loading XML bean definitions from class path resource [applicationContext.xml]
2020-08-26 19:33:34,670 189    [ost-startStop-1] INFO  ry.xml.XmlBeanDefinitionReader  - Loading XML bean definitions from class path resource [applicationContext-dao.xml]
2020-08-26 19:33:34,693 212    [ost-startStop-1] INFO  ry.xml.XmlBeanDefinitionReader  - Loading XML bean definitions from class path resource [applicationContext-service.xml]
2020-08-26 19:33:34,931 450    [ost-startStop-1] INFO  redAnnotationBeanPostProcessor  - JSR-330 'javax.inject.Inject' annotation found and supported for autowiring
2020-08-26 19:33:35,025 544    [ost-startStop-1] INFO         com.mchange.v2.log.MLog  - MLog clients using log4j logging.
2020-08-26 19:33:35,051 570    [ost-startStop-1] INFO  m.mchange.v2.c3p0.C3P0Registry  - Initializing c3p0-0.9.1.2 [built 21-May-2007 15:04:56; debug? true; trace: 10]
2020-08-26 19:33:35,498 1017   [ost-startStop-1] INFO  work.web.context.ContextLoader  - Root WebApplicationContext: initialization completed in 1016 ms
2020-08-26 19:33:35,525 1044   [ost-startStop-1] INFO  .web.servlet.DispatcherServlet  - FrameworkServlet 'springmvcDispatcherServlet': initialization started
2020-08-26 19:33:35,527 1046   [ost-startStop-1] INFO  pport.XmlWebApplicationContext  - Refreshing WebApplicationContext for namespace 'springmvcDispatcherServlet-servlet': startup date [Wed Aug 26 19:33:35 CST 2020]; parent: Root WebApplicationContext
2020-08-26 19:33:35,527 1046   [ost-startStop-1] INFO  ry.xml.XmlBeanDefinitionReader  - Loading XML bean definitions from class path resource [springmvc.xml]
2020-08-26 19:33:35,638 1157   [ost-startStop-1] INFO  redAnnotationBeanPostProcessor  - JSR-330 'javax.inject.Inject' annotation found and supported for autowiring
2020-08-26 19:33:35,807 1326   [ost-startStop-1] INFO  andler.SimpleUrlHandlerMapping  - Mapped URL path [/css/**] onto handler 'org.springframework.web.servlet.resource.ResourceHttpRequestHandler#0'
2020-08-26 19:33:35,828 1347   [ost-startStop-1] INFO  andler.SimpleUrlHandlerMapping  - Mapped URL path [/images/**] onto handler 'org.springframework.web.servlet.resource.ResourceHttpRequestHandler#1'
2020-08-26 19:33:35,834 1353   [ost-startStop-1] INFO  andler.SimpleUrlHandlerMapping  - Mapped URL path [/js/**] onto handler 'org.springframework.web.servlet.resource.ResourceHttpRequestHandler#2'
2020-08-26 19:33:35,873 1392   [ost-startStop-1] INFO  n.RequestMappingHandlerMapping  - Mapped "{[/account/findAll]}" onto public java.lang.String com.kgc.controller.AccountController.findAll(org.springframework.ui.Model)
2020-08-26 19:33:35,874 1393   [ost-startStop-1] INFO  n.RequestMappingHandlerMapping  - Mapped "{[/account/saveAccount]}" onto public void com.kgc.controller.AccountController.saveAccount(javax.servlet.http.HttpServletRequest,javax.servlet.http.HttpServletResponse,com.kgc.pojo.Account) throws java.io.IOException
2020-08-26 19:33:35,942 1461   [ost-startStop-1] INFO  n.RequestMappingHandlerAdapter  - Looking for @ControllerAdvice: WebApplicationContext for namespace 'springmvcDispatcherServlet-servlet': startup date [Wed Aug 26 19:33:35 CST 2020]; parent: Root WebApplicationContext
2020-08-26 19:33:35,985 1504   [ost-startStop-1] INFO  n.RequestMappingHandlerAdapter  - Looking for @ControllerAdvice: WebApplicationContext for namespace 'springmvcDispatcherServlet-servlet': startup date [Wed Aug 26 19:33:35 CST 2020]; parent: Root WebApplicationContext
2020-08-26 19:33:36,068 1587   [ost-startStop-1] INFO  .web.servlet.DispatcherServlet  - FrameworkServlet 'springmvcDispatcherServlet': initialization completed in 543 ms
2020-08-26 19:35:33,125 1      [ost-startStop-1] INFO  work.web.context.ContextLoader  - Root WebApplicationContext: initialization started
2020-08-26 19:35:33,167 43     [ost-startStop-1] INFO  pport.XmlWebApplicationContext  - Refreshing Root WebApplicationContext: startup date [Wed Aug 26 19:35:33 CST 2020]; root of context hierarchy
2020-08-26 19:35:33,194 70     [ost-startStop-1] INFO  ry.xml.XmlBeanDefinitionReader  - Loading XML bean definitions from class path resource [applicationContext.xml]
2020-08-26 19:35:33,272 148    [ost-startStop-1] INFO  ry.xml.XmlBeanDefinitionReader  - Loading XML bean definitions from class path resource [applicationContext-dao.xml]
2020-08-26 19:35:33,300 176    [ost-startStop-1] INFO  ry.xml.XmlBeanDefinitionReader  - Loading XML bean definitions from class path resource [applicationContext-service.xml]
2020-08-26 19:35:33,545 421    [ost-startStop-1] INFO  redAnnotationBeanPostProcessor  - JSR-330 'javax.inject.Inject' annotation found and supported for autowiring
2020-08-26 19:35:33,641 517    [ost-startStop-1] INFO         com.mchange.v2.log.MLog  - MLog clients using log4j logging.
2020-08-26 19:35:33,675 551    [ost-startStop-1] INFO  m.mchange.v2.c3p0.C3P0Registry  - Initializing c3p0-0.9.1.2 [built 21-May-2007 15:04:56; debug? true; trace: 10]
2020-08-26 19:35:34,182 1058   [ost-startStop-1] INFO  work.web.context.ContextLoader  - Root WebApplicationContext: initialization completed in 1056 ms
2020-08-26 19:35:34,214 1090   [ost-startStop-1] INFO  .web.servlet.DispatcherServlet  - FrameworkServlet 'springmvcDispatcherServlet': initialization started
2020-08-26 19:35:34,217 1093   [ost-startStop-1] INFO  pport.XmlWebApplicationContext  - Refreshing WebApplicationContext for namespace 'springmvcDispatcherServlet-servlet': startup date [Wed Aug 26 19:35:34 CST 2020]; parent: Root WebApplicationContext
2020-08-26 19:35:34,217 1093   [ost-startStop-1] INFO  ry.xml.XmlBeanDefinitionReader  - Loading XML bean definitions from class path resource [springmvc.xml]
2020-08-26 19:35:34,311 1187   [ost-startStop-1] INFO  redAnnotationBeanPostProcessor  - JSR-330 'javax.inject.Inject' annotation found and supported for autowiring
2020-08-26 19:35:34,463 1339   [ost-startStop-1] INFO  andler.SimpleUrlHandlerMapping  - Mapped URL path [/css/**] onto handler 'org.springframework.web.servlet.resource.ResourceHttpRequestHandler#0'
2020-08-26 19:35:34,478 1354   [ost-startStop-1] INFO  andler.SimpleUrlHandlerMapping  - Mapped URL path [/images/**] onto handler 'org.springframework.web.servlet.resource.ResourceHttpRequestHandler#1'
2020-08-26 19:35:34,484 1360   [ost-startStop-1] INFO  andler.SimpleUrlHandlerMapping  - Mapped URL path [/js/**] onto handler 'org.springframework.web.servlet.resource.ResourceHttpRequestHandler#2'
2020-08-26 19:35:34,519 1395   [ost-startStop-1] INFO  n.RequestMappingHandlerMapping  - Mapped "{[/account/findAll]}" onto public java.lang.String com.kgc.controller.AccountController.findAll(org.springframework.ui.Model)
2020-08-26 19:35:34,519 1395   [ost-startStop-1] INFO  n.RequestMappingHandlerMapping  - Mapped "{[/account/saveAccount]}" onto public void com.kgc.controller.AccountController.saveAccount(javax.servlet.http.HttpServletRequest,javax.servlet.http.HttpServletResponse,com.kgc.pojo.Account) throws java.io.IOException
2020-08-26 19:35:34,583 1459   [ost-startStop-1] INFO  n.RequestMappingHandlerAdapter  - Looking for @ControllerAdvice: WebApplicationContext for namespace 'springmvcDispatcherServlet-servlet': startup date [Wed Aug 26 19:35:34 CST 2020]; parent: Root WebApplicationContext
2020-08-26 19:35:34,618 1494   [ost-startStop-1] INFO  n.RequestMappingHandlerAdapter  - Looking for @ControllerAdvice: WebApplicationContext for namespace 'springmvcDispatcherServlet-servlet': startup date [Wed Aug 26 19:35:34 CST 2020]; parent: Root WebApplicationContext
2020-08-26 19:35:34,677 1553   [ost-startStop-1] INFO  .web.servlet.DispatcherServlet  - FrameworkServlet 'springmvcDispatcherServlet': initialization completed in 462 ms
2020-08-26 19:36:07,358 34234  [bio-8080-exec-5] INFO  l.AbstractPoolBackedDataSource  - Initializing c3p0 pool... com.mchange.v2.c3p0.ComboPooledDataSource [ acquireIncrement -> 3, acquireRetryAttempts -> 30, acquireRetryDelay -> 1000, autoCommitOnClose -> false, automaticTestTable -> null, breakAfterAcquireFailure -> false, checkoutTimeout -> 0, connectionCustomizerClassName -> null, connectionTesterClassName -> com.mchange.v2.c3p0.impl.DefaultConnectionTester, dataSourceName -> 1hge4naacbt1cf81leahqz|3913d0c2, debugUnreturnedConnectionStackTraces -> false, description -> null, driverClass -> com.mysql.jdbc.Driver, factoryClassLocation -> null, forceIgnoreUnresolvedTransactions -> false, identityToken -> 1hge4naacbt1cf81leahqz|3913d0c2, idleConnectionTestPeriod -> 0, initialPoolSize -> 3, jdbcUrl -> jdbc:mysql://localhost:3306/ssm, maxAdministrativeTaskTime -> 0, maxConnectionAge -> 0, maxIdleTime -> 0, maxIdleTimeExcessConnections -> 0, maxPoolSize -> 15, maxStatements -> 0, maxStatementsPerConnection -> 0, minPoolSize -> 3, numHelperThreads -> 3, numThreadsAwaitingCheckoutDefaultUser -> 0, preferredTestQuery -> null, properties -> {user=******, password=******}, propertyCycle -> 0, testConnectionOnCheckin -> false, testConnectionOnCheckout -> false, unreturnedConnectionTimeout -> 0, usesTraditionalReflectiveProxies -> false ]
2020-08-26 19:39:07,712 0      [ost-startStop-1] INFO  work.web.context.ContextLoader  - Root WebApplicationContext: initialization started
2020-08-26 19:39:07,751 39     [ost-startStop-1] INFO  pport.XmlWebApplicationContext  - Refreshing Root WebApplicationContext: startup date [Wed Aug 26 19:39:07 CST 2020]; root of context hierarchy
2020-08-26 19:39:07,779 67     [ost-startStop-1] INFO  ry.xml.XmlBeanDefinitionReader  - Loading XML bean definitions from class path resource [applicationContext.xml]
2020-08-26 19:39:07,840 128    [ost-startStop-1] INFO  ry.xml.XmlBeanDefinitionReader  - Loading XML bean definitions from class path resource [applicationContext-dao.xml]
2020-08-26 19:39:07,865 153    [ost-startStop-1] INFO  ry.xml.XmlBeanDefinitionReader  - Loading XML bean definitions from class path resource [applicationContext-service.xml]
2020-08-26 19:39:08,114 402    [ost-startStop-1] INFO  redAnnotationBeanPostProcessor  - JSR-330 'javax.inject.Inject' annotation found and supported for autowiring
2020-08-26 19:39:08,216 504    [ost-startStop-1] INFO         com.mchange.v2.log.MLog  - MLog clients using log4j logging.
2020-08-26 19:39:08,251 539    [ost-startStop-1] INFO  m.mchange.v2.c3p0.C3P0Registry  - Initializing c3p0-0.9.1.2 [built 21-May-2007 15:04:56; debug? true; trace: 10]
2020-08-26 19:39:08,761 1049   [ost-startStop-1] INFO  work.web.context.ContextLoader  - Root WebApplicationContext: initialization completed in 1048 ms
2020-08-26 19:39:08,798 1086   [ost-startStop-1] INFO  .web.servlet.DispatcherServlet  - FrameworkServlet 'springmvcDispatcherServlet': initialization started
2020-08-26 19:39:08,801 1089   [ost-startStop-1] INFO  pport.XmlWebApplicationContext  - Refreshing WebApplicationContext for namespace 'springmvcDispatcherServlet-servlet': startup date [Wed Aug 26 19:39:08 CST 2020]; parent: Root WebApplicationContext
2020-08-26 19:39:08,801 1089   [ost-startStop-1] INFO  ry.xml.XmlBeanDefinitionReader  - Loading XML bean definitions from class path resource [springmvc.xml]
2020-08-26 19:39:08,909 1197   [ost-startStop-1] INFO  redAnnotationBeanPostProcessor  - JSR-330 'javax.inject.Inject' annotation found and supported for autowiring
2020-08-26 19:39:09,051 1339   [ost-startStop-1] INFO  andler.SimpleUrlHandlerMapping  - Mapped URL path [/css/**] onto handler 'org.springframework.web.servlet.resource.ResourceHttpRequestHandler#0'
2020-08-26 19:39:09,064 1352   [ost-startStop-1] INFO  andler.SimpleUrlHandlerMapping  - Mapped URL path [/images/**] onto handler 'org.springframework.web.servlet.resource.ResourceHttpRequestHandler#1'
2020-08-26 19:39:09,068 1356   [ost-startStop-1] INFO  andler.SimpleUrlHandlerMapping  - Mapped URL path [/js/**] onto handler 'org.springframework.web.servlet.resource.ResourceHttpRequestHandler#2'
2020-08-26 19:39:09,140 1428   [ost-startStop-1] INFO  n.RequestMappingHandlerMapping  - Mapped "{[/account/findAll]}" onto public java.lang.String com.kgc.controller.AccountController.findAll(org.springframework.ui.Model)
2020-08-26 19:39:09,142 1430   [ost-startStop-1] INFO  n.RequestMappingHandlerMapping  - Mapped "{[/account/saveAccount]}" onto public void com.kgc.controller.AccountController.saveAccount(javax.servlet.http.HttpServletRequest,javax.servlet.http.HttpServletResponse,com.kgc.pojo.Account) throws java.io.IOException
2020-08-26 19:39:09,216 1504   [ost-startStop-1] INFO  n.RequestMappingHandlerAdapter  - Looking for @ControllerAdvice: WebApplicationContext for namespace 'springmvcDispatcherServlet-servlet': startup date [Wed Aug 26 19:39:08 CST 2020]; parent: Root WebApplicationContext
2020-08-26 19:39:09,256 1544   [ost-startStop-1] INFO  n.RequestMappingHandlerAdapter  - Looking for @ControllerAdvice: WebApplicationContext for namespace 'springmvcDispatcherServlet-servlet': startup date [Wed Aug 26 19:39:08 CST 2020]; parent: Root WebApplicationContext
2020-08-26 19:39:09,330 1618   [ost-startStop-1] INFO  .web.servlet.DispatcherServlet  - FrameworkServlet 'springmvcDispatcherServlet': initialization completed in 532 ms
2020-08-26 19:39:32,923 25211  [bio-8080-exec-5] INFO  l.AbstractPoolBackedDataSource  - Initializing c3p0 pool... com.mchange.v2.c3p0.ComboPooledDataSource [ acquireIncrement -> 3, acquireRetryAttempts -> 30, acquireRetryDelay -> 1000, autoCommitOnClose -> false, automaticTestTable -> null, breakAfterAcquireFailure -> false, checkoutTimeout -> 0, connectionCustomizerClassName -> null, connectionTesterClassName -> com.mchange.v2.c3p0.impl.DefaultConnectionTester, dataSourceName -> 1hge4naacbt5xzo8qk992|2afa9d18, debugUnreturnedConnectionStackTraces -> false, description -> null, driverClass -> com.mysql.jdbc.Driver, factoryClassLocation -> null, forceIgnoreUnresolvedTransactions -> false, identityToken -> 1hge4naacbt5xzo8qk992|2afa9d18, idleConnectionTestPeriod -> 0, initialPoolSize -> 3, jdbcUrl -> jdbc:mysql://localhost:3306/ssm, maxAdministrativeTaskTime -> 0, maxConnectionAge -> 0, maxIdleTime -> 0, maxIdleTimeExcessConnections -> 0, maxPoolSize -> 15, maxStatements -> 0, maxStatementsPerConnection -> 0, minPoolSize -> 3, numHelperThreads -> 3, numThreadsAwaitingCheckoutDefaultUser -> 0, preferredTestQuery -> null, properties -> {user=******, password=******}, propertyCycle -> 0, testConnectionOnCheckin -> false, testConnectionOnCheckout -> false, unreturnedConnectionTimeout -> 0, usesTraditionalReflectiveProxies -> false ]
2020-08-26 19:39:33,210 25498  [bio-8080-exec-5] INFO  ry.xml.XmlBeanDefinitionReader  - Loading XML bean definitions from class path resource [org/springframework/jdbc/support/sql-error-codes.xml]
2020-08-26 19:39:33,238 25526  [bio-8080-exec-5] INFO  c.support.SQLErrorCodesFactory  - SQLErrorCodes loaded: [DB2, Derby, H2, HSQL, Informix, MS-SQL, MySQL, Oracle, PostgreSQL, Sybase, Hana]
